<?xml version="1.0" encoding="UTF-8"?>
<!-- Generated by org.testng.reporters.JUnitReportReporter -->
<testsuite hostname="sandeep-HP-EliteDesk-800-G1-SFF" failures="0" tests="5" name="com.example.App" time="13.559" errors="0" timestamp="2025-09-24T14:42:14 IST" skipped="0">
  <testcase classname="com.example.App" name="loginTest" time="2.375"/>
  <testcase classname="com.example.App" name="loginTest" time="2.469"/>
  <testcase classname="com.example.App" name="loginTest" time="2.359"/>
  <testcase classname="com.example.App" name="loginTest" time="4.036"/>
  <testcase classname="com.example.App" name="loginTest" time="2.320"/>
</testsuite> <!-- com.example.App -->
