<?xml version="1.0" encoding="UTF-8"?>
<!-- Generated by org.testng.reporters.JUnitReportReporter -->
<testsuite hostname="sandeep-HP-EliteDesk-800-G1-SFF" failures="0" tests="1" name="com.example.Test1" time="4.655" errors="0" timestamp="2025-09-24T14:29:58 IST" skipped="0">
  <testcase classname="com.example.Test1" name="TakeScreenShot" time="4.655"/>
</testsuite> <!-- com.example.Test1 -->
