<?xml version="1.0" encoding="UTF-8"?>
<!-- Generated by org.testng.reporters.JUnitReportReporter -->
<testsuite hostname="sandeep-HP-EliteDesk-800-G1-SFF" failures="0" tests="1" name="com.example.Ecpl_test" time="11.291" errors="0" timestamp="2025-10-24T12:49:33 IST" skipped="0">
  <testcase classname="com.example.Ecpl_test" name="loginTest" time="11.291"/>
</testsuite> <!-- com.example.Ecpl_test -->
